<?xml version="1.0" encoding="UTF-8"?>
<!-- Generated by org.testng.reporters.JUnitReportReporter -->
<testsuite hostname="QA-LP-002" name="com.annectos.webdriver.TestCases.SeepCases.SeepProfilePageCases" tests="1" failures="0" timestamp="30 Jun 2014 08:59:09 GMT" time="13.342" errors="0">
  <testcase name="It_should_give_alert_to_enter_first_name" time="13.342" classname="com.annectos.webdriver.TestCases.SeepCases.SeepProfilePageCases"/>
</testsuite> <!-- com.annectos.webdriver.TestCases.SeepCases.SeepProfilePageCases -->
